<?xml version="1.0" encoding="UTF-8"?>
<!-- Generated by org.testng.reporters.JUnitXMLReporter -->
<testsuite ignored="2" hostname="L-INE-CTRSYZ2" failures="0" tests="2" name="Test" time="14.483" errors="0" timestamp="2023-09-07T12:19:45 IST">
  <testcase classname="Technical_Assessment_02.TestNGCase_1" name="TestCase_01" time="4.309"/>
  <testcase classname="Technical_Assessment_02.TestNGCase_1" name="TestCase_02" time="0.603"/>
  <testcase classname="Technical_Assessment_02.TestNGCase_1" name="TestCase_03" time="0.0">
    <ignored/>
  </testcase> <!-- TestCase_03 -->
  <testcase classname="Technical_Assessment_02.TestNGCase_1" name="test04" time="0.0">
    <ignored/>
  </testcase> <!-- test04 -->
</testsuite> <!-- Test -->
