<?xml version="1.0" encoding="UTF-8"?>
<testng-results ignored="0" total="1" passed="1" failed="0" skipped="0">
  <reporter-output>
  </reporter-output>
  <suite started-at="2023-09-06T12:41:17 IST" name="Suite" finished-at="2023-09-06T12:41:28 IST" duration-ms="11314">
    <groups>
    </groups>
    <test started-at="2023-09-06T12:41:17 IST" name="Test" finished-at="2023-09-06T12:41:28 IST" duration-ms="11314">
      <class name="jenkins_package.NewTest2">
        <test-method signature="f()[pri:0, instance:jenkins_package.NewTest2@5dd6264]" started-at="2023-09-06T12:41:17 IST" name="f" finished-at="2023-09-06T12:41:28 IST" duration-ms="11236" status="PASS">
          <reporter-output>
          </reporter-output>
        </test-method> <!-- f -->
      </class> <!-- jenkins_package.NewTest2 -->
    </test> <!-- Test -->
  </suite> <!-- Suite -->
</testng-results>
