<?xml version="1.0" encoding="UTF-8"?>
<testng-results ignored="0" total="2" passed="2" failed="0" skipped="0">
  <reporter-output>
  </reporter-output>
  <suite started-at="2023-09-07T10:59:45 IST" name="Suite" finished-at="2023-09-07T11:00:24 IST" duration-ms="39062">
    <groups>
    </groups>
    <test started-at="2023-09-07T10:59:45 IST" name="Test" finished-at="2023-09-07T11:00:24 IST" duration-ms="39062">
      <class name="Technical_Assessment_02.Login_and_logout_check">
        <test-method is-config="true" signature="befireMethod()[pri:0, instance:Technical_Assessment_02.Login_and_logout_check@29626d54]" started-at="2023-09-07T10:59:45 IST" name="befireMethod" finished-at="2023-09-07T11:00:06 IST" duration-ms="20223" status="PASS">
          <reporter-output>
          </reporter-output>
        </test-method> <!-- befireMethod -->
        <test-method signature="f()[pri:0, instance:Technical_Assessment_02.Login_and_logout_check@29626d54]" started-at="2023-09-07T11:00:06 IST" name="f" finished-at="2023-09-07T11:00:09 IST" duration-ms="3247" status="PASS">
          <reporter-output>
          </reporter-output>
        </test-method> <!-- f -->
        <test-method signature="f1()[pri:0, instance:Technical_Assessment_02.Login_and_logout_check@29626d54]" started-at="2023-09-07T11:00:09 IST" name="f1" finished-at="2023-09-07T11:00:15 IST" duration-ms="5788" status="PASS">
          <reporter-output>
          </reporter-output>
        </test-method> <!-- f1 -->
        <test-method is-config="true" signature="aftertest()[pri:0, instance:Technical_Assessment_02.Login_and_logout_check@29626d54]" started-at="2023-09-07T11:00:15 IST" name="aftertest" finished-at="2023-09-07T11:00:24 IST" duration-ms="9715" status="PASS">
          <reporter-output>
          </reporter-output>
        </test-method> <!-- aftertest -->
      </class> <!-- Technical_Assessment_02.Login_and_logout_check -->
    </test> <!-- Test -->
  </suite> <!-- Suite -->
</testng-results>
