<?xml version="1.0" encoding="UTF-8"?>
<testng-results ignored="0" total="1" passed="1" failed="0" skipped="0">
  <reporter-output>
  </reporter-output>
  <suite started-at="2023-09-06T12:40:43 IST" name="Default suite" finished-at="2023-09-06T12:40:55 IST" duration-ms="12334">
    <groups>
    </groups>
    <test started-at="2023-09-06T12:40:43 IST" name="Default test" finished-at="2023-09-06T12:40:55 IST" duration-ms="12334">
      <class name="jenkins_package.NewTest2">
        <test-method signature="f()[pri:0, instance:jenkins_package.NewTest2@46cdf8bd]" started-at="2023-09-06T12:40:43 IST" name="f" finished-at="2023-09-06T12:40:55 IST" duration-ms="12279" status="PASS">
          <reporter-output>
          </reporter-output>
        </test-method> <!-- f -->
      </class> <!-- jenkins_package.NewTest2 -->
    </test> <!-- Default test -->
  </suite> <!-- Default suite -->
</testng-results>
